<?xml version="1.0" encoding="UTF-8"?>
<!-- Generated by org.testng.reporters.JUnitReportReporter -->
<testsuite hostname="DESKTOP-QSM3Q2F" failures="0" tests="4" name="com.qa.testcases.Coffeepagetest" time="124.244" errors="0" timestamp="2020-08-21T10:35:17 IST" skipped="0">
  <testcase classname="com.qa.testcases.Coffeepagetest" name="searchcoffeitem" time="18.689"/>
  <system-out/>
  <testcase classname="com.qa.testcases.Coffeepagetest" name="coffeePDPpage" time="27.917"/>
  <system-out/>
  <testcase classname="com.qa.testcases.Coffeepagetest" name="incresedecrease" time="35.646"/>
  <system-out/>
  <testcase classname="com.qa.testcases.Coffeepagetest" name="coffeeitemtocart" time="41.992"/>
  <system-out/>
</testsuite> <!-- com.qa.testcases.Coffeepagetest -->
