<?xml version="1.0" encoding="UTF-8"?>
<!-- Generated by org.testng.reporters.JUnitReportReporter -->
<testsuite hostname="DESKTOP-QSM3Q2F" failures="0" tests="3" name="com.qa.testcases.Contactpagetest" time="53.997" errors="0" timestamp="2020-07-30T13:45:43 IST" skipped="0">
  <testcase classname="com.qa.testcases.Contactpagetest" name="checkcontacts" time="19.302"/>
  <system-out/>
  <testcase classname="com.qa.testcases.Contactpagetest" name="selectsinglecheckbox" time="17.140"/>
  <system-out/>
  <testcase classname="com.qa.testcases.Contactpagetest" name="selectmultiplecheckbox" time="17.555"/>
  <system-out/>
</testsuite> <!-- com.qa.testcases.Contactpagetest -->
