<?xml version="1.0" encoding="UTF-8"?>
<!-- Generated by org.testng.reporters.JUnitReportReporter -->
<testsuite hostname="DESKTOP-QSM3Q2F" failures="0" tests="9" name="com.qa.testcases.Homepagetest" time="177.396" errors="0" timestamp="2020-08-21T11:52:56 IST" skipped="0">
  <testcase classname="com.qa.testcases.Homepagetest" name="Hoveronsubscriptionsheaderlink" time="17.673"/>
  <system-out/>
  <testcase classname="com.qa.testcases.Homepagetest" name="Hoveronsubscriptionsheaderlinkclick" time="16.978"/>
  <system-out/>
  <testcase classname="com.qa.testcases.Homepagetest" name="Hoveronlocationsheaderlink" time="18.648"/>
  <system-out/>
  <testcase classname="com.qa.testcases.Homepagetest" name="Hoveronmenuheaderlink" time="16.693"/>
  <system-out/>
  <testcase classname="com.qa.testcases.Homepagetest" name="Hoveronrewardslink" time="19.675"/>
  <system-out/>
  <testcase classname="com.qa.testcases.Homepagetest" name="navigatetocoffeehomepage" time="21.315"/>
  <system-out/>
  <testcase classname="com.qa.testcases.Homepagetest" name="navigatetoteahomepage" time="21.862"/>
  <system-out/>
  <testcase classname="com.qa.testcases.Homepagetest" name="navigatetoequipmenthomepage" time="23.634"/>
  <system-out/>
  <testcase classname="com.qa.testcases.Homepagetest" name="navigatetorewardshomepage" time="20.918"/>
  <system-out/>
</testsuite> <!-- com.qa.testcases.Homepagetest -->
