<?xml version="1.0" encoding="UTF-8"?>
<!-- Generated by org.testng.reporters.JUnitReportReporter -->
<testsuite hostname="DESKTOP-QSM3Q2F" failures="0" tests="3" name="com.qa.testcases.LoginPageTest" time="67.407" errors="0" timestamp="2020-08-21T11:52:56 IST" skipped="0">
  <testcase classname="com.qa.testcases.LoginPageTest" name="loginpagetitletest" time="17.496"/>
  <system-out/>
  <testcase classname="com.qa.testcases.LoginPageTest" name="crmlogotest" time="18.079"/>
  <system-out/>
  <testcase classname="com.qa.testcases.LoginPageTest" name="logintest" time="31.832"/>
  <system-out/>
</testsuite> <!-- com.qa.testcases.LoginPageTest -->
