<?xml version="1.0" encoding="UTF-8"?>
<!-- Generated by org.testng.reporters.JUnitReportReporter -->
<testsuite hostname="DESKTOP-QSM3Q2F" failures="0" tests="1" name="com.qa.testcases.Locationpagetest" time="41.891" errors="0" timestamp="2020-08-19T15:47:09 IST" skipped="0">
  <testcase classname="com.qa.testcases.Locationpagetest" name="categorieslinktest" time="41.891"/>
  <system-out/>
</testsuite> <!-- com.qa.testcases.Locationpagetest -->
